<?xml version="1.0" encoding="UTF-8"?>
<testsuite name="rspec" tests="20" skipped="0" failures="1" errors="0" time="0.050477" timestamp="2020-09-29T00:33:33-03:00" hostname="DESKTOP-H3C32JC">
<properties>
<property name="seed" value="64592"/>
</properties>
<testcase classname="spec.avengers_spec" name="AvengersHeadQuarter deve adicionar um vingador" file="./spec/avengers_spec.rb" time="0.003121"></testcase>
<testcase classname="spec.avengers_spec" name="AvengersHeadQuarter deve adicionar uma lista de vingadores" file="./spec/avengers_spec.rb" time="0.005531"></testcase>
<testcase classname="spec.avengers_spec" name="AvengersHeadQuarter thor deve ser o primeiro da lista" file="./spec/avengers_spec.rb" time="0.004970"></testcase>
<testcase classname="spec.avengers_spec" name="AvengersHeadQuarter Ironman debe ser o último da lista" file="./spec/avengers_spec.rb" time="0.000072"></testcase>
<testcase classname="spec.avengers_spec" name="AvengersHeadQuarter deve conter o sobrenome" file="./spec/avengers_spec.rb" time="0.002204"></testcase>
<testcase classname="spec.bank.saque_cc_spec" name="ContaCorrente Saque quando o valor é positivo entao atualiza saldo" file="./spec/bank/saque_cc_spec.rb" time="0.001920"></testcase>
<testcase classname="spec.bank.saque_cc_spec" name="ContaCorrente Saque quando o saldo é zero então exibe mensagem" file="./spec/bank/saque_cc_spec.rb" time="0.000059"></testcase>
<testcase classname="spec.bank.saque_cc_spec" name="ContaCorrente Saque quando o saldo é zero e o saldo final com zeros" file="./spec/bank/saque_cc_spec.rb" time="0.000047"></testcase>
<testcase classname="spec.bank.saque_cc_spec" name="ContaCorrente Saque quando o saldo é insuficiente então exibe mensagem" file="./spec/bank/saque_cc_spec.rb" time="0.000049"></testcase>
<testcase classname="spec.bank.saque_cc_spec" name="ContaCorrente Saque quando o saldo é insuficiente e o saldo permanece" file="./spec/bank/saque_cc_spec.rb" time="0.000044"></testcase>
<testcase classname="spec.bank.saque_cc_spec" name="ContaCorrente Saque quando supera o limite de saque então exibe mensagem" file="./spec/bank/saque_cc_spec.rb" time="0.000046"></testcase>
<testcase classname="spec.bank.saque_cc_spec" name="ContaCorrente Saque quando supera o limite de saque e o saldo permanece" file="./spec/bank/saque_cc_spec.rb" time="0.000043"></testcase>
<testcase classname="spec.bank.saque_cp_spec" name="ContaPoupanca Saque quando o valor é positivo entao atualiza saldo" file="./spec/bank/saque_cp_spec.rb" time="0.026006"><failure message="
expected: 798.0
     got: 798.01

(compared using eql?)
" type="RSpec::Expectations::ExpectationNotMetError">Failure/Error: expect(@cp.saldo).to eql 798.00

  expected: 798.0
       got: 798.01

  (compared using eql?)
./spec/bank/saque_cp_spec.rb:13:in `block (4 levels) in &lt;top (required)&gt;&apos;</failure></testcase>
<testcase classname="spec.bank.saque_cp_spec" name="ContaPoupanca Saque quando o saldo é zero então exibe mensagem" file="./spec/bank/saque_cp_spec.rb" time="0.000098"></testcase>
<testcase classname="spec.bank.saque_cp_spec" name="ContaPoupanca Saque quando o saldo é zero e o saldo final com zeros" file="./spec/bank/saque_cp_spec.rb" time="0.000049"></testcase>
<testcase classname="spec.bank.saque_cp_spec" name="ContaPoupanca Saque quando o saldo é insuficiente então exibe mensagem" file="./spec/bank/saque_cp_spec.rb" time="0.000048"></testcase>
<testcase classname="spec.bank.saque_cp_spec" name="ContaPoupanca Saque quando o saldo é insuficiente e o saldo permanece" file="./spec/bank/saque_cp_spec.rb" time="0.000043"></testcase>
<testcase classname="spec.bank.saque_cp_spec" name="ContaPoupanca Saque quando supera o limite de saque então exibe mensagem" file="./spec/bank/saque_cp_spec.rb" time="0.000060"></testcase>
<testcase classname="spec.bank.saque_cp_spec" name="ContaPoupanca Saque quando supera o limite de saque e o saldo permanece" file="./spec/bank/saque_cp_spec.rb" time="0.000042"></testcase>
<testcase classname="spec.exemplos_spec" name="suite rspec soma de valores" file="./spec/exemplos_spec.rb" time="0.000042"></testcase>
</testsuite>
